{"/Users/u779/vx/vx-http/lib/VxHttp.js":{"path":"/Users/u779/vx/vx-http/lib/VxHttp.js","s":{"1":1,"2":1,"3":1,"4":1,"5":1,"6":1,"7":1,"8":1,"9":1,"10":1,"11":1,"12":1,"13":0,"14":0,"15":1,"16":1,"17":1,"18":1,"19":0,"20":0,"21":0,"22":0,"23":0,"24":0,"25":0,"26":0,"27":1,"28":0,"29":1,"30":1,"31":1,"32":1,"33":1,"34":1,"35":1,"36":1,"37":0,"38":1,"39":1,"40":1,"41":1,"42":1,"43":1,"44":1,"45":1,"46":1,"47":0,"48":0,"49":0,"50":0,"51":0},"b":{"1":[1,0],"2":[1,1],"3":[0,0],"4":[0,1],"5":[1,0]},"f":{"1":1,"2":0,"3":0,"4":0,"5":0,"6":0,"7":1,"8":1,"9":1,"10":0,"11":0},"fnMap":{"1":{"name":"VxHttp","line":14,"loc":{"start":{"line":14,"column":0},"end":{"line":14,"column":32}}},"2":{"name":"(anonymous_2)","line":24,"loc":{"start":{"line":24,"column":26},"end":{"line":24,"column":38}}},"3":{"name":"(anonymous_3)","line":47,"loc":{"start":{"line":47,"column":25},"end":{"line":47,"column":37}}},"4":{"name":"(anonymous_4)","line":48,"loc":{"start":{"line":48,"column":21},"end":{"line":48,"column":48}}},"5":{"name":"(anonymous_5)","line":51,"loc":{"start":{"line":51,"column":34},"end":{"line":51,"column":49}}},"6":{"name":"(anonymous_6)","line":69,"loc":{"start":{"line":69,"column":26},"end":{"line":69,"column":38}}},"7":{"name":"(anonymous_7)","line":78,"loc":{"start":{"line":78,"column":34},"end":{"line":78,"column":63}}},"8":{"name":"(anonymous_8)","line":90,"loc":{"start":{"line":90,"column":21},"end":{"line":90,"column":40}}},"9":{"name":"(anonymous_9)","line":99,"loc":{"start":{"line":99,"column":41},"end":{"line":99,"column":71}}},"10":{"name":"(anonymous_10)","line":119,"loc":{"start":{"line":119,"column":36},"end":{"line":119,"column":65}}},"11":{"name":"(anonymous_11)","line":121,"loc":{"start":{"line":121,"column":49},"end":{"line":121,"column":70}}}},"statementMap":{"1":{"start":{"line":1,"column":0},"end":{"line":1,"column":31}},"2":{"start":{"line":2,"column":0},"end":{"line":2,"column":29}},"3":{"start":{"line":3,"column":0},"end":{"line":3,"column":31}},"4":{"start":{"line":4,"column":0},"end":{"line":4,"column":35}},"5":{"start":{"line":5,"column":0},"end":{"line":5,"column":35}},"6":{"start":{"line":7,"column":0},"end":{"line":7,"column":26}},"7":{"start":{"line":14,"column":0},"end":{"line":19,"column":1}},"8":{"start":{"line":15,"column":2},"end":{"line":15,"column":24}},"9":{"start":{"line":16,"column":2},"end":{"line":16,"column":23}},"10":{"start":{"line":17,"column":2},"end":{"line":17,"column":33}},"11":{"start":{"line":18,"column":2},"end":{"line":18,"column":70}},"12":{"start":{"line":24,"column":0},"end":{"line":27,"column":2}},"13":{"start":{"line":25,"column":2},"end":{"line":25,"column":58}},"14":{"start":{"line":26,"column":2},"end":{"line":26,"column":93}},"15":{"start":{"line":32,"column":0},"end":{"line":32,"column":86}},"16":{"start":{"line":37,"column":0},"end":{"line":37,"column":92}},"17":{"start":{"line":42,"column":0},"end":{"line":42,"column":106}},"18":{"start":{"line":47,"column":0},"end":{"line":64,"column":2}},"19":{"start":{"line":48,"column":2},"end":{"line":63,"column":16}},"20":{"start":{"line":49,"column":4},"end":{"line":49,"column":66}},"21":{"start":{"line":50,"column":4},"end":{"line":50,"column":62}},"22":{"start":{"line":51,"column":4},"end":{"line":62,"column":18}},"23":{"start":{"line":52,"column":6},"end":{"line":61,"column":7}},"24":{"start":{"line":53,"column":8},"end":{"line":53,"column":20}},"25":{"start":{"line":55,"column":8},"end":{"line":55,"column":58}},"26":{"start":{"line":60,"column":8},"end":{"line":60,"column":27}},"27":{"start":{"line":69,"column":0},"end":{"line":71,"column":2}},"28":{"start":{"line":70,"column":2},"end":{"line":70,"column":34}},"29":{"start":{"line":78,"column":0},"end":{"line":94,"column":2}},"30":{"start":{"line":79,"column":2},"end":{"line":79,"column":42}},"31":{"start":{"line":81,"column":2},"end":{"line":81,"column":40}},"32":{"start":{"line":82,"column":2},"end":{"line":82,"column":38}},"33":{"start":{"line":83,"column":2},"end":{"line":83,"column":54}},"34":{"start":{"line":84,"column":2},"end":{"line":84,"column":44}},"35":{"start":{"line":85,"column":2},"end":{"line":85,"column":33}},"36":{"start":{"line":87,"column":2},"end":{"line":93,"column":3}},"37":{"start":{"line":88,"column":4},"end":{"line":88,"column":76}},"38":{"start":{"line":90,"column":4},"end":{"line":92,"column":7}},"39":{"start":{"line":91,"column":6},"end":{"line":91,"column":54}},"40":{"start":{"line":99,"column":0},"end":{"line":112,"column":2}},"41":{"start":{"line":100,"column":2},"end":{"line":100,"column":44}},"42":{"start":{"line":102,"column":2},"end":{"line":104,"column":3}},"43":{"start":{"line":103,"column":4},"end":{"line":103,"column":47}},"44":{"start":{"line":106,"column":2},"end":{"line":109,"column":5}},"45":{"start":{"line":111,"column":2},"end":{"line":111,"column":63}},"46":{"start":{"line":119,"column":0},"end":{"line":132,"column":2}},"47":{"start":{"line":120,"column":2},"end":{"line":127,"column":4}},"48":{"start":{"line":122,"column":8},"end":{"line":125,"column":10}},"49":{"start":{"line":129,"column":2},"end":{"line":129,"column":50}},"50":{"start":{"line":130,"column":2},"end":{"line":130,"column":54}},"51":{"start":{"line":131,"column":2},"end":{"line":131,"column":17}}},"branchMap":{"1":{"line":17,"type":"binary-expr","locations":[{"start":{"line":17,"column":20},"end":{"line":17,"column":26}},{"start":{"line":17,"column":30},"end":{"line":17,"column":32}}]},"2":{"line":18,"type":"binary-expr","locations":[{"start":{"line":18,"column":20},"end":{"line":18,"column":61}},{"start":{"line":18,"column":65},"end":{"line":18,"column":69}}]},"3":{"line":52,"type":"if","locations":[{"start":{"line":52,"column":6},"end":{"line":52,"column":6}},{"start":{"line":52,"column":6},"end":{"line":52,"column":6}}]},"4":{"line":87,"type":"if","locations":[{"start":{"line":87,"column":2},"end":{"line":87,"column":2}},{"start":{"line":87,"column":2},"end":{"line":87,"column":2}}]},"5":{"line":102,"type":"if","locations":[{"start":{"line":102,"column":2},"end":{"line":102,"column":2}},{"start":{"line":102,"column":2},"end":{"line":102,"column":2}}]}}}}
